<?xml version="1.0" encoding="UTF-8"?>
<testng-results ignored="0" total="1" passed="1" failed="0" skipped="0">
  <reporter-output>
  </reporter-output>
  <suite started-at="2023-10-02T00:55:13 IST" name="Default suite" finished-at="2023-10-02T00:55:24 IST" duration-ms="10136">
    <groups>
    </groups>
    <test started-at="2023-10-02T00:55:13 IST" name="Default test" finished-at="2023-10-02T00:55:24 IST" duration-ms="10136">
      <class name="SeleniumProject.SeleniumProject.PolicyTest">
        <test-method is-config="true" signature="beforeTest()[pri:0, instance:null(SeleniumProject.SeleniumProject.PolicyTest)]" started-at="2023-10-02T00:55:13 IST" name="beforeTest" finished-at="2023-10-02T00:55:13 IST" duration-ms="18" status="PASS">
          <reporter-output>
          </reporter-output>
        </test-method> <!-- beforeTest -->
        <test-method signature="testWeb()[pri:0, instance:null(SeleniumProject.SeleniumProject.PolicyTest)]" started-at="2023-10-02T00:55:13 IST" name="testWeb" finished-at="2023-10-02T00:55:23 IST" duration-ms="10033" status="PASS">
          <reporter-output>
          </reporter-output>
        </test-method> <!-- testWeb -->
        <test-method is-config="true" signature="afterTest()[pri:0, instance:null(SeleniumProject.SeleniumProject.PolicyTest)]" started-at="2023-10-02T00:55:24 IST" name="afterTest" finished-at="2023-10-02T00:55:24 IST" duration-ms="0" status="PASS">
          <reporter-output>
          </reporter-output>
        </test-method> <!-- afterTest -->
      </class> <!-- SeleniumProject.SeleniumProject.PolicyTest -->
    </test> <!-- Default test -->
  </suite> <!-- Default suite -->
</testng-results>
